<?xml version="1.0" encoding="UTF-8"?>
<!-- Generated by org.testng.reporters.JUnitXMLReporter -->
<testsuite hostname="DESKTOP-P07OGD8" ignored="1" name="smoke Test" tests="2" failures="0" timestamp="05 Aug 2019 05:14:33 GMT" time="0.044" errors="0">
  <testcase name="testcase1" time="0.021" classname="DemoTestNG.Demo6_Groups"/>
  <testcase name="testcase2" time="0.0" classname="DemoTestNG.Demo6_Groups"/>
  <testcase name="testcase3" time="0.0" classname="DemoTestNG.Demo6_Groups">
    <ignored/>
  </testcase> <!-- testcase3 -->
</testsuite> <!-- smoke Test -->
